<?xml version="1.0" encoding="UTF-8"?>
<!-- Generated by org.testng.reporters.JUnitXMLReporter -->
<testsuite ignored="0" hostname="DESKTOP-UR1OLIF" failures="1" tests="4" name="Demo Test" time="0.054" errors="0" timestamp="2024-04-05T18:21:06 IST">
  <testcase classname="org.loginPage.DemoTest" name="test1" time="0.008"/>
  <testcase classname="org.loginPage.DemoTest" name="test2" time="0.001"/>
  <testcase classname="org.loginPage.DemoTest" name="test3" time="0.0"/>
  <testcase classname="org.loginPage.DemoTest" name="test4" time="0.001">
    <failure type="java.lang.AssertionError" message="null">
      <![CDATA[java.lang.AssertionError: null
at org.loginPage.DemoTest.test4(DemoTest.java:25)
at java.base/java.util.ArrayList.forEach(ArrayList.java:1596)
... Removed 31 stack frames]]>
    </failure>
  </testcase> <!-- test4 -->
</testsuite> <!-- Demo Test -->
